Build started 2013/8/18 21:30:48.
     1>Project "X:\Leetcode\myLeetcode\offen\jobdu\2\2.vcxproj" on node 2 (build target(s)).
     1>InitializeBuildStatus:
         Creating "Debug\2.unsuccessfulbuild" because "AlwaysCreate" was specified.
       ClCompile:
         C:\Program Files\Microsoft Visual Studio 10.0\VC\bin\CL.exe /c /ZI /nologo /W3 /WX- /Od /Oy- /D WIN32 /D _DEBUG /D _CONSOLE /D _UNICODE /D UNICODE /Gm /EHsc /RTC1 /MDd /GS /fp:precise /Zc:wchar_t /Zc:forScope /Fo"Debug\\" /Fd"Debug\vc100.pdb" /Gd /TP /analyze- /errorReport:prompt 2.cpp
         2.cpp
       ManifestResourceCompile:
         All outputs are up-to-date.
       Link:
         C:\Program Files\Microsoft Visual Studio 10.0\VC\bin\link.exe /ERRORREPORT:PROMPT /OUT:"X:\Leetcode\myLeetcode\offen\jobdu\Debug\2.exe" /INCREMENTAL /NOLOGO kernel32.lib user32.lib gdi32.lib winspool.lib comdlg32.lib advapi32.lib shell32.lib ole32.lib oleaut32.lib uuid.lib odbc32.lib odbccp32.lib /MANIFEST /ManifestFile:"Debug\2.exe.intermediate.manifest" /MANIFESTUAC:"level='asInvoker' uiAccess='false'" /DEBUG /PDB:"X:\Leetcode\myLeetcode\offen\jobdu\Debug\2.pdb" /SUBSYSTEM:CONSOLE /TLBID:1 /DYNAMICBASE /NXCOMPAT /IMPLIB:"X:\Leetcode\myLeetcode\offen\jobdu\Debug\2.lib" /MACHINE:X86 Debug\2.exe.embed.manifest.res
         Debug\2.obj
       Manifest:
         C:\Program Files\Microsoft SDKs\Windows\v7.0A\bin\mt.exe /nologo /verbose /out:"Debug\2.exe.embed.manifest" /manifest Debug\2.exe.intermediate.manifest
         All outputs are up-to-date.
       LinkEmbedManifest:
         All outputs are up-to-date.
         2.vcxproj -> X:\Leetcode\myLeetcode\offen\jobdu\Debug\2.exe
       FinalizeBuildStatus:
         Deleting file "Debug\2.unsuccessfulbuild".
         Touching "Debug\2.lastbuildstate".
     1>Done Building Project "X:\Leetcode\myLeetcode\offen\jobdu\2\2.vcxproj" (build target(s)).

Build succeeded.

Time Elapsed 00:00:02.92
