Build started 2013/8/13 9:40:26.
     1>Project "X:\Leetcode\myLeetcode\offen\jc\sort\sort.vcxproj" on node 2 (build target(s)).
     1>InitializeBuildStatus:
         Creating "Debug\sort.unsuccessfulbuild" because "AlwaysCreate" was specified.
       ClCompile:
         All outputs are up-to-date.
         C:\Program Files\Microsoft Visual Studio 10.0\VC\bin\CL.exe /c /ZI /nologo /W3 /WX- /Od /Oy- /D WIN32 /D _DEBUG /D _CONSOLE /D _UNICODE /D UNICODE /Gm /EHsc /RTC1 /MDd /GS /fp:precise /Zc:wchar_t /Zc:forScope /Yu"StdAfx.h" /Fp"Debug\sort.pch" /Fo"Debug\\" /Fd"Debug\vc100.pdb" /Gd /TP /analyze- /errorReport:prompt sort.cpp
         sort.cpp
       ManifestResourceCompile:
         All outputs are up-to-date.
       Link:
         C:\Program Files\Microsoft Visual Studio 10.0\VC\bin\link.exe /ERRORREPORT:PROMPT /OUT:"X:\Leetcode\myLeetcode\offen\jc\Debug\sort.exe" /INCREMENTAL /NOLOGO kernel32.lib user32.lib gdi32.lib winspool.lib comdlg32.lib advapi32.lib shell32.lib ole32.lib oleaut32.lib uuid.lib odbc32.lib odbccp32.lib /MANIFEST /ManifestFile:"Debug\sort.exe.intermediate.manifest" /MANIFESTUAC:"level='asInvoker' uiAccess='false'" /DEBUG /PDB:"X:\Leetcode\myLeetcode\offen\jc\Debug\sort.pdb" /SUBSYSTEM:CONSOLE /TLBID:1 /DYNAMICBASE /NXCOMPAT /IMPLIB:"X:\Leetcode\myLeetcode\offen\jc\Debug\sort.lib" /MACHINE:X86 Debug\sort.exe.embed.manifest.res
         Debug\sort.obj
         Debug\stdafx.obj
       Manifest:
         C:\Program Files\Microsoft SDKs\Windows\v7.0A\bin\mt.exe /nologo /verbose /out:"Debug\sort.exe.embed.manifest" /manifest Debug\sort.exe.intermediate.manifest
         All outputs are up-to-date.
       LinkEmbedManifest:
         All outputs are up-to-date.
         sort.vcxproj -> X:\Leetcode\myLeetcode\offen\jc\Debug\sort.exe
       FinalizeBuildStatus:
         Deleting file "Debug\sort.unsuccessfulbuild".
         Touching "Debug\sort.lastbuildstate".
     1>Done Building Project "X:\Leetcode\myLeetcode\offen\jc\sort\sort.vcxproj" (build target(s)).

Build succeeded.

Time Elapsed 00:00:06.40
